<?xml version="1.0" encoding="UTF-8" ?>
<testsuite tests="10" failures="0" name="SolverTest" time="1,743.848" errors="0" skipped="0">
  <properties>
[...]
</properties>
  <testcase classname="SolverTest" name="fl1577" time="176.254"/>
  <testcase classname="SolverTest" name="lin318" time="174.053"/>
  <testcase classname="SolverTest" name="pcb442" time="174.12"/>
  <testcase classname="SolverTest" name="rat783" time="174.49"/>
  <testcase classname="SolverTest" name="kroA100" time="174.021"/>
  <testcase classname="SolverTest" name="d198" time="174.022"/>
  <testcase classname="SolverTest" name="ch130" time="174.022"/>
  <testcase classname="SolverTest" name="eil76" time="174.006"/>
  <testcase classname="SolverTest" name="pr439" time="174.105"/>
  <testcase classname="SolverTest" name="u1060" time="174.755"/>
</testsuite>